[HTTP] Binding to address: :1080
Creating API v1 with WebPath: 
Creating API v2 with WebPath: 
Got message in APIv2 websocket channel
[APIv2] BROADCAST /api/v2/websocket
Got message in APIv1 event stream
Sending content: {
  "ID": "oZWfBKEVreBVXMAHgJiTDDMZOGzKDpy4ByoOWLashNo=@mailhog.example",
  "From": {
    "Relays": null,
    "Mailbox": "nobody",
    "Domain": "80cc498732ef",
    "Params": ""
  },
  "To": [
    {
      "Relays": null,
      "Mailbox": "mailhog",
      "Domain": "flywheel.local",
      "Params": ""
    }
  ],
  "Content": {
    "Headers": {
      "Content-Type": [
        "text/plain; charset=UTF-8"
      ],
      "Date": [
        "Sat, 4 Apr 2020 19:21:27 +0000"
      ],
      "From": [
        "WordPress \u003cwordpress@ika2020.local\u003e"
      ],
      "MIME-Version": [
        "1.0"
      ],
      "Message-ID": [
        "\u003cf89a9c2809cdbaa9c19ac0d5aadb55eb@ika2020.local\u003e"
      ],
      "Received": [
        "from localhost by mailhog.example (MailHog)\r\n          id oZWfBKEVreBVXMAHgJiTDDMZOGzKDpy4ByoOWLashNo=@mailhog.example; Sat, 04 Apr 2020 19:21:27 +0000"
      ],
      "Return-Path": [
        "\u003cnobody@80cc498732ef\u003e"
      ],
      "Subject": [
        "New WordPress Site"
      ],
      "To": [
        "miltonimven93@gmail.com"
      ],
      "X-Mailer": [
        "PHPMailer 5.2.27 (https://github.com/PHPMailer/PHPMailer)"
      ],
      "X-PHP-Originating-Script": [
        "0:class-phpmailer.php"
      ]
    },
    "Body": "Your new WordPress site has been successfully set up at:\r\n\r\nhttp://ika2020.local\r\n\r\nYou can log in to the administrator account with the following information:\r\n\r\nUsername: ika2020\r\nPassword: The password you chose during installation.\r\nLog in here: http://ika2020.local/wp-login.php\r\n\r\nWe hope you enjoy your new site. Thanks!\r\n\r\n--The WordPress Team\r\nhttps://wordpress.org/\r\n",
    "Size": 758,
    "MIME": null
  },
  "Created": "2020-04-04T19:21:27.190093353Z",
  "MIME": null,
  "Raw": {
    "From": "nobody@80cc498732ef",
    "To": [
      "mailhog@flywheel.local"
    ],
    "Data": "To: miltonimven93@gmail.com\r\nSubject: New WordPress Site\r\nX-PHP-Originating-Script: 0:class-phpmailer.php\r\nDate: Sat, 4 Apr 2020 19:21:27 +0000\r\nFrom: WordPress \u003cwordpress@ika2020.local\u003e\r\nMessage-ID: \u003cf89a9c2809cdbaa9c19ac0d5aadb55eb@ika2020.local\u003e\r\nX-Mailer: PHPMailer 5.2.27 (https://github.com/PHPMailer/PHPMailer)\r\nMIME-Version: 1.0\r\nContent-Type: text/plain; charset=UTF-8\r\n\r\nYour new WordPress site has been successfully set up at:\r\n\r\nhttp://ika2020.local\r\n\r\nYou can log in to the administrator account with the following information:\r\n\r\nUsername: ika2020\r\nPassword: The password you chose during installation.\r\nLog in here: http://ika2020.local/wp-login.php\r\n\r\nWe hope you enjoy your new site. Thanks!\r\n\r\n--The WordPress Team\r\nhttps://wordpress.org/\r\n",
    "Helo": "localhost"
  }
}

[APIv1] BROADCAST /api/v1/events
