2020-04-04T19:21:22.405256Z 0 [Warning] TIMESTAMP with implicit DEFAULT value is deprecated. Please use --explicit_defaults_for_timestamp server option (see documentation for more details).
2020-04-04T19:21:22.406120Z 0 [Note] /usr/sbin/mysqld (mysqld 5.7.23) starting as process 33 ...
2020-04-04T19:21:22.419892Z 0 [Note] InnoDB: PUNCH HOLE support available
2020-04-04T19:21:22.419917Z 0 [Note] InnoDB: Mutexes and rw_locks use GCC atomic builtins
2020-04-04T19:21:22.419923Z 0 [Note] InnoDB: Uses event mutexes
2020-04-04T19:21:22.419926Z 0 [Note] InnoDB: GCC builtin __atomic_thread_fence() is used for memory barrier
2020-04-04T19:21:22.419930Z 0 [Note] InnoDB: Compressed tables use zlib 1.2.3
2020-04-04T19:21:22.419933Z 0 [Note] InnoDB: Using Linux native AIO
2020-04-04T19:21:22.420138Z 0 [Note] InnoDB: Number of pools: 1
2020-04-04T19:21:22.420248Z 0 [Note] InnoDB: Using CPU crc32 instructions
2020-04-04T19:21:22.421645Z 0 [Note] InnoDB: Initializing buffer pool, total size = 32M, instances = 1, chunk size = 32M
2020-04-04T19:21:22.424021Z 0 [Note] InnoDB: Completed initialization of buffer pool
2020-04-04T19:21:22.437785Z 0 [Note] InnoDB: If the mysqld execution user is authorized, page cleaner thread priority can be changed. See the man page of setpriority().
2020-04-04T19:21:22.443121Z 0 [Note] InnoDB: Highest supported file format is Barracuda.
2020-04-04T19:21:22.455721Z 0 [Note] InnoDB: Log scan progressed past the checkpoint lsn 2588963
2020-04-04T19:21:22.455750Z 0 [Note] InnoDB: Doing recovery: scanned up to log sequence number 2591784
2020-04-04T19:21:22.457774Z 0 [Note] InnoDB: Database was not shutdown normally!
2020-04-04T19:21:22.457796Z 0 [Note] InnoDB: Starting crash recovery.
2020-04-04T19:21:23.527869Z 0 [Note] InnoDB: Starting an apply batch of log records to the database...
InnoDB: Progress in percent: 27 28 29 30 31 32 33 34 35 36 37 38 39 40 41 42 43 44 45 46 47 48 49 50 51 52 53 54 55 56 57 58 59 60 61 62 63 64 65 66 67 68 69 70 71 72 73 74 75 76 77 78 79 80 81 82 83 84 85 86 87 88 89 90 91 92 93 94 95 96 97 98 99 
2020-04-04T19:21:23.533579Z 0 [Note] InnoDB: Apply batch completed
2020-04-04T19:21:23.643105Z 0 [Note] InnoDB: Removed temporary tablespace data file: "ibtmp1"
2020-04-04T19:21:23.643273Z 0 [Note] InnoDB: Creating shared tablespace for temporary tables
2020-04-04T19:21:23.643556Z 0 [Note] InnoDB: Setting file './ibtmp1' size to 12 MB. Physically writing the file full; Please wait ...
2020-04-04T19:21:23.749378Z 0 [Note] InnoDB: File './ibtmp1' size is now 12 MB.
2020-04-04T19:21:23.750433Z 0 [Note] InnoDB: 96 redo rollback segment(s) found. 96 redo rollback segment(s) are active.
2020-04-04T19:21:23.750455Z 0 [Note] InnoDB: 32 non-redo rollback segment(s) are active.
2020-04-04T19:21:23.750865Z 0 [Note] InnoDB: Waiting for purge to start
2020-04-04T19:21:23.803403Z 0 [Note] InnoDB: 5.7.23 started; log sequence number 2591784
2020-04-04T19:21:23.803780Z 0 [Note] Plugin 'FEDERATED' is disabled.
2020-04-04T19:21:23.815589Z 0 [Warning] Failed to set up SSL because of the following SSL library error: SSL context is not usable without certificate and private key
2020-04-04T19:21:23.815611Z 0 [Note] Server hostname (bind-address): '*'; port: 3306
2020-04-04T19:21:23.815657Z 0 [Note] IPv6 is available.
2020-04-04T19:21:23.815670Z 0 [Note]   - '::' resolves to '::';
2020-04-04T19:21:23.815677Z 0 [Note] Server socket created on IP: '::'.
2020-04-04T19:21:23.817932Z 0 [Warning] Insecure configuration for --pid-file: Location '/var/run/mysqld' in the path is accessible to all OS users. Consider choosing a different directory.
2020-04-04T19:21:23.818867Z 0 [ERROR] /usr/sbin/mysqld: Table './mysql/user' is marked as crashed and should be repaired
2020-04-04T19:21:23.819091Z 0 [Warning] Checking table:   './mysql/user'
2020-04-04T19:21:23.819109Z 0 [ERROR] 1 client is using or hasn't closed the table properly
2020-04-04T19:21:23.842503Z 0 [Note] InnoDB: Loading buffer pool(s) from /var/lib/mysql/ib_buffer_pool
2020-04-04T19:21:23.843178Z 0 [Warning] 'user' entry 'root@localhost' ignored in --skip-name-resolve mode.
2020-04-04T19:21:23.843215Z 0 [Warning] 'user' entry 'mysql.session@localhost' ignored in --skip-name-resolve mode.
2020-04-04T19:21:23.843226Z 0 [Warning] 'user' entry 'mysql.sys@localhost' ignored in --skip-name-resolve mode.
2020-04-04T19:21:23.843247Z 0 [Warning] 'db' entry 'performance_schema mysql.session@localhost' ignored in --skip-name-resolve mode.
2020-04-04T19:21:23.843252Z 0 [Warning] 'db' entry 'sys mysql.sys@localhost' ignored in --skip-name-resolve mode.
2020-04-04T19:21:23.843263Z 0 [Warning] 'proxies_priv' entry '@ root@localhost' ignored in --skip-name-resolve mode.
2020-04-04T19:21:23.852475Z 0 [Warning] 'tables_priv' entry 'user mysql.session@localhost' ignored in --skip-name-resolve mode.
2020-04-04T19:21:23.852498Z 0 [Warning] 'tables_priv' entry 'sys_config mysql.sys@localhost' ignored in --skip-name-resolve mode.
2020-04-04T19:21:23.872258Z 0 [Note] InnoDB: Buffer pool(s) load completed at 200404 19:21:23
2020-04-04T19:21:23.902401Z 0 [Note] Event Scheduler: Loaded 0 events
2020-04-04T19:21:23.902586Z 0 [Note] /usr/sbin/mysqld: ready for connections.
Version: '5.7.23'  socket: '/var/run/mysqld/mysqld.sock'  port: 3306  MySQL Community Server (GPL)
2020-04-04T19:21:24.563363Z 4 [ERROR] /usr/sbin/mysqld: Table './mysql/proc' is marked as crashed and should be repaired
2020-04-04T19:21:24.563465Z 4 [Warning] Checking table:   './mysql/proc'
2020-04-04T19:21:24.587324Z 6 [Warning] 'user' entry 'root@localhost' ignored in --skip-name-resolve mode.
2020-04-04T19:21:24.587348Z 6 [Warning] 'user' entry 'mysql.session@localhost' ignored in --skip-name-resolve mode.
2020-04-04T19:21:24.587357Z 6 [Warning] 'user' entry 'mysql.sys@localhost' ignored in --skip-name-resolve mode.
2020-04-04T19:21:24.587377Z 6 [Warning] 'db' entry 'performance_schema mysql.session@localhost' ignored in --skip-name-resolve mode.
2020-04-04T19:21:24.587382Z 6 [Warning] 'db' entry 'sys mysql.sys@localhost' ignored in --skip-name-resolve mode.
2020-04-04T19:21:24.587391Z 6 [Warning] 'proxies_priv' entry '@ root@localhost' ignored in --skip-name-resolve mode.
2020-04-04T19:21:24.587534Z 6 [Warning] 'tables_priv' entry 'user mysql.session@localhost' ignored in --skip-name-resolve mode.
2020-04-04T19:21:24.587542Z 6 [Warning] 'tables_priv' entry 'sys_config mysql.sys@localhost' ignored in --skip-name-resolve mode.
